<?xml version="1.0" encoding="utf-8"?>
<!DOCTYPE coverage SYSTEM "http://cobertura.sourceforge.net/xml/coverage-04.dtd">
<coverage line-rate="0.244750073942621" branch-rate="0.163170837552437" lines-covered="3310" lines-valid="13524" branches-covered="1128" branches-valid="6913" complexity="9195" version="0" timestamp="1671983362">
  <sources />
  <packages>
    <package name="lab1 generic binary tree" line-rate="0.885941644562334" branch-rate="0.628787878787879" complexity="176">
      <classes>
        <class name="Client.DekstopTest" filename="C:\Users\Дима\source\repos\Autumn result\Autumn\Test.cs" line-rate="0.941176470588235" branch-rate="1" complexity="2">
          <methods>
            <method name="Testing" signature="()" line-rate="0" branch-rate="1" complexity="1">
              <lines>
                <line number="10" hits="0" branch="false" />
                <line number="51" hits="0" branch="false" />
              </lines>
            </method>
            <method name="CreateTree" signature="()" line-rate="1" branch-rate="1" complexity="1">
              <lines>
                <line number="54" hits="1" branch="false" />
                <line number="55" hits="1" branch="false" />
                <line number="56" hits="1" branch="false" />
                <line number="57" hits="1" branch="false" />
                <line number="58" hits="1" branch="false" />
                <line number="59" hits="1" branch="false" />
                <line number="60" hits="1" branch="false" />
                <line number="61" hits="1" branch="false" />
                <line number="62" hits="1" branch="false" />
                <line number="63" hits="1" branch="false" />
                <line number="64" hits="1" branch="false" />
                <line number="65" hits="1" branch="false" />
                <line number="66" hits="1" branch="false" />
                <line number="67" hits="1" branch="false" />
                <line number="68" hits="1" branch="false" />
                <line number="69" hits="1" branch="false" />
                <line number="71" hits="1" branch="false" />
                <line number="72" hits="1" branch="false" />
                <line number="73" hits="1" branch="false" />
                <line number="74" hits="1" branch="false" />
                <line number="76" hits="1" branch="false" />
                <line number="77" hits="1" branch="false" />
                <line number="78" hits="1" branch="false" />
                <line number="79" hits="1" branch="false" />
                <line number="80" hits="1" branch="false" />
                <line number="81" hits="1" branch="false" />
                <line number="82" hits="1" branch="false" />
                <line number="83" hits="1" branch="false" />
                <line number="84" hits="1" branch="false" />
                <line number="85" hits="1" branch="false" />
                <line number="88" hits="1" branch="false" />
                <line number="89" hits="1" branch="false" />
              </lines>
            </method>
          </methods>
          <lines>
            <line number="10" hits="0" branch="false" />
            <line number="51" hits="0" branch="false" />
            <line number="54" hits="1" branch="false" />
            <line number="55" hits="1" branch="false" />
            <line number="56" hits="1" branch="false" />
            <line number="57" hits="1" branch="false" />
            <line number="58" hits="1" branch="false" />
            <line number="59" hits="1" branch="false" />
            <line number="60" hits="1" branch="false" />
            <line number="61" hits="1" branch="false" />
            <line number="62" hits="1" branch="false" />
            <line number="63" hits="1" branch="false" />
            <line number="64" hits="1" branch="false" />
            <line number="65" hits="1" branch="false" />
            <line number="66" hits="1" branch="false" />
            <line number="67" hits="1" branch="false" />
            <line number="68" hits="1" branch="false" />
            <line number="69" hits="1" branch="false" />
            <line number="71" hits="1" branch="false" />
            <line number="72" hits="1" branch="false" />
            <line number="73" hits="1" branch="false" />
            <line number="74" hits="1" branch="false" />
            <line number="76" hits="1" branch="false" />
            <line number="77" hits="1" branch="false" />
            <line number="78" hits="1" branch="false" />
            <line number="79" hits="1" branch="false" />
            <line number="80" hits="1" branch="false" />
            <line number="81" hits="1" branch="false" />
            <line number="82" hits="1" branch="false" />
            <line number="83" hits="1" branch="false" />
            <line number="84" hits="1" branch="false" />
            <line number="85" hits="1" branch="false" />
            <line number="88" hits="1" branch="false" />
            <line number="89" hits="1" branch="false" />
          </lines>
        </class>
        <class name="Client.Program" filename="C:\Users\Дима\source\repos\Autumn result\Autumn\Program.cs" line-rate="0" branch-rate="1" complexity="1">
          <methods>
            <method name="Main" signature="(...)" line-rate="0" branch-rate="1" complexity="1">
              <lines>
                <line number="8" hits="0" branch="false" />
                <line number="10" hits="0" branch="false" />
              </lines>
            </method>
          </methods>
          <lines>
            <line number="8" hits="0" branch="false" />
            <line number="10" hits="0" branch="false" />
          </lines>
        </class>
        <class name="Trees.BinaryTree&lt;T&gt;" filename="C:\Users\Дима\source\repos\Autumn result\Autumn\Trees\BinaryTree.cs" line-rate="0.918032786885246" branch-rate="0.527777777777778" complexity="50">
          <methods>
            <method name=".ctor" signature="()" line-rate="1" branch-rate="1" complexity="1">
              <lines>
                <line number="13" hits="1" branch="false" />
                <line number="14" hits="1" branch="false" />
                <line number="15" hits="1" branch="false" />
                <line number="16" hits="1" branch="false" />
                <line number="17" hits="1" branch="false" />
                <line number="18" hits="1" branch="false" />
              </lines>
            </method>
            <method name="get_NullNode" signature="()" line-rate="1" branch-rate="1" complexity="1">
              <lines>
                <line number="20" hits="1" branch="false" />
              </lines>
            </method>
            <method name="get_Root" signature="()" line-rate="1" branch-rate="1" complexity="1">
              <lines>
                <line number="24" hits="1" branch="false" />
              </lines>
            </method>
            <method name="set_Root" signature="(...)" line-rate="0" branch-rate="1" complexity="1">
              <lines>
                <line number="25" hits="0" branch="false" />
              </lines>
            </method>
            <method name="IsNull" signature="(...)" line-rate="1" branch-rate="1" complexity="1">
              <lines>
                <line number="28" hits="1" branch="false" />
              </lines>
            </method>
            <method name="CreateNode" signature="(...)" line-rate="1" branch-rate="1" complexity="1">
              <lines>
                <line number="31" hits="1" branch="false" />
                <line number="32" hits="1" branch="false" />
                <line number="33" hits="1" branch="false" />
                <line number="34" hits="1" branch="false" />
                <line number="35" hits="1" branch="false" />
              </lines>
            </method>
            <method name="ToString" signature="()" line-rate="1" branch-rate="1" complexity="1">
              <lines>
                <line number="38" hits="1" branch="false" />
                <line number="39" hits="1" branch="false" />
                <line number="40" hits="1" branch="false" />
              </lines>
            </method>
            <method name="SetRoot" signature="(...)" line-rate="1" branch-rate="1" complexity="1">
              <lines>
                <line number="43" hits="1" branch="false" />
                <line number="44" hits="1" branch="false" />
                <line number="45" hits="1" branch="false" />
                <line number="46" hits="1" branch="false" />
              </lines>
            </method>
            <method name="Enumerate" signature="(...)" line-rate="0.833333333333333" branch-rate="0.527777777777778" complexity="36">
              <lines>
                <line number="49" hits="1" branch="false" />
                <line number="50" hits="1" branch="true" condition-coverage="50% (3/6)" />
                <line number="51" hits="0" branch="false" />
                <line number="52" hits="0" branch="false" />
                <line number="55" hits="1" branch="true" condition-coverage="100% (2/2)" />
                <line number="57" hits="1" branch="true" condition-coverage="50% (1/2)" />
                <line number="58" hits="0" branch="false" />
                <line number="59" hits="0" branch="false" />
                <line number="62" hits="1" branch="false" />
                <line number="63" hits="1" branch="false" />
                <line number="64" hits="1" branch="true" condition-coverage="50% (5/10)" />
                <line number="65" hits="1" branch="false" />
                <line number="66" hits="1" branch="false" />
                <line number="67" hits="1" branch="false" />
                <line number="69" hits="1" branch="true" condition-coverage="50% (4/8)" />
                <line number="70" hits="1" branch="false" />
                <line number="71" hits="1" branch="false" />
                <line number="72" hits="1" branch="false" />
                <line number="74" hits="1" branch="true" condition-coverage="50% (4/8)" />
                <line number="75" hits="1" branch="false" />
                <line number="76" hits="1" branch="false" />
                <line number="77" hits="1" branch="false" />
                <line number="79" hits="1" branch="false" />
                <line number="80" hits="1" branch="false" />
              </lines>
            </method>
            <method name="FindSuccessor" signature="(...)" line-rate="1" branch-rate="1" complexity="1">
              <lines>
                <line number="82" hits="1" branch="false" />
              </lines>
            </method>
            <method name="FindPredecessor" signature="(...)" line-rate="1" branch-rate="1" complexity="1">
              <lines>
                <line number="84" hits="1" branch="false" />
              </lines>
            </method>
            <method name="CreateSearcher" signature="(...)" line-rate="1" branch-rate="1" complexity="1">
              <lines>
                <line number="87" hits="1" branch="false" />
                <line number="88" hits="1" branch="false" />
                <line number="89" hits="1" branch="false" />
                <line number="90" hits="1" branch="false" />
              </lines>
            </method>
            <method name="Insert" signature="(...)" line-rate="1" branch-rate="1" complexity="1">
              <lines>
                <line number="92" hits="1" branch="false" />
              </lines>
            </method>
            <method name="CreateMaximumSearcher" signature="(...)" line-rate="1" branch-rate="1" complexity="1">
              <lines>
                <line number="95" hits="1" branch="false" />
                <line number="96" hits="1" branch="false" />
                <line number="97" hits="1" branch="false" />
                <line number="98" hits="1" branch="false" />
              </lines>
            </method>
            <method name="CreateMinimumSearcher" signature="(...)" line-rate="1" branch-rate="1" complexity="1">
              <lines>
                <line number="101" hits="1" branch="false" />
                <line number="102" hits="1" branch="false" />
                <line number="103" hits="1" branch="false" />
                <line number="104" hits="1" branch="false" />
              </lines>
            </method>
          </methods>
          <lines>
            <line number="13" hits="1" branch="false" />
            <line number="14" hits="1" branch="false" />
            <line number="15" hits="1" branch="false" />
            <line number="16" hits="1" branch="false" />
            <line number="17" hits="1" branch="false" />
            <line number="18" hits="1" branch="false" />
            <line number="20" hits="1" branch="false" />
            <line number="24" hits="1" branch="false" />
            <line number="25" hits="0" branch="false" />
            <line number="28" hits="1" branch="false" />
            <line number="31" hits="1" branch="false" />
            <line number="32" hits="1" branch="false" />
            <line number="33" hits="1" branch="false" />
            <line number="34" hits="1" branch="false" />
            <line number="35" hits="1" branch="false" />
            <line number="38" hits="1" branch="false" />
            <line number="39" hits="1" branch="false" />
            <line number="40" hits="1" branch="false" />
            <line number="43" hits="1" branch="false" />
            <line number="44" hits="1" branch="false" />
            <line number="45" hits="1" branch="false" />
            <line number="46" hits="1" branch="false" />
            <line number="49" hits="1" branch="false" />
            <line number="50" hits="1" branch="true" condition-coverage="50% (3/6)" />
            <line number="51" hits="0" branch="false" />
            <line number="52" hits="0" branch="false" />
            <line number="55" hits="1" branch="true" condition-coverage="100% (2/2)" />
            <line number="57" hits="1" branch="true" condition-coverage="50% (1/2)" />
            <line number="58" hits="0" branch="false" />
            <line number="59" hits="0" branch="false" />
            <line number="62" hits="1" branch="false" />
            <line number="63" hits="1" branch="false" />
            <line number="64" hits="1" branch="true" condition-coverage="50% (5/10)" />
            <line number="65" hits="1" branch="false" />
            <line number="66" hits="1" branch="false" />
            <line number="67" hits="1" branch="false" />
            <line number="69" hits="1" branch="true" condition-coverage="50% (4/8)" />
            <line number="70" hits="1" branch="false" />
            <line number="71" hits="1" branch="false" />
            <line number="72" hits="1" branch="false" />
            <line number="74" hits="1" branch="true" condition-coverage="50% (4/8)" />
            <line number="75" hits="1" branch="false" />
            <line number="76" hits="1" branch="false" />
            <line number="77" hits="1" branch="false" />
            <line number="79" hits="1" branch="false" />
            <line number="80" hits="1" branch="false" />
            <line number="82" hits="1" branch="false" />
            <line number="84" hits="1" branch="false" />
            <line number="87" hits="1" branch="false" />
            <line number="88" hits="1" branch="false" />
            <line number="89" hits="1" branch="false" />
            <line number="90" hits="1" branch="false" />
            <line number="92" hits="1" branch="false" />
            <line number="95" hits="1" branch="false" />
            <line number="96" hits="1" branch="false" />
            <line number="97" hits="1" branch="false" />
            <line number="98" hits="1" branch="false" />
            <line number="101" hits="1" branch="false" />
            <line number="102" hits="1" branch="false" />
            <line number="103" hits="1" branch="false" />
            <line number="104" hits="1" branch="false" />
          </lines>
        </class>
        <class name="Trees.BinaryTreeNode&lt;T&gt;" filename="C:\Users\Дима\source\repos\Autumn result\Autumn\Trees\BinaryTreeNode.cs" line-rate="0.82051282051282" branch-rate="0.25" complexity="20">
          <methods>
            <method name="get_Data" signature="()" line-rate="1" branch-rate="1" complexity="1">
              <lines>
                <line number="6" hits="1" branch="false" />
              </lines>
            </method>
            <method name=".ctor" signature="(...)" line-rate="1" branch-rate="1" complexity="1">
              <lines>
                <line number="7" hits="1" branch="false" />
                <line number="8" hits="1" branch="false" />
                <line number="9" hits="1" branch="false" />
                <line number="10" hits="1" branch="false" />
              </lines>
            </method>
            <method name="get_IsRoot" signature="()" line-rate="1" branch-rate="1" complexity="1">
              <lines>
                <line number="11" hits="1" branch="false" />
              </lines>
            </method>
            <method name="get_HasLeft" signature="()" line-rate="1" branch-rate="1" complexity="1">
              <lines>
                <line number="13" hits="1" branch="false" />
              </lines>
            </method>
            <method name="get_HasRight" signature="()" line-rate="1" branch-rate="1" complexity="1">
              <lines>
                <line number="15" hits="1" branch="false" />
              </lines>
            </method>
            <method name="get_LeftChild" signature="()" line-rate="1" branch-rate="1" complexity="1">
              <lines>
                <line number="19" hits="1" branch="false" />
              </lines>
            </method>
            <method name="set_LeftChild" signature="(...)" line-rate="1" branch-rate="1" complexity="1">
              <lines>
                <line number="20" hits="1" branch="false" />
              </lines>
            </method>
            <method name="get_RightChild" signature="()" line-rate="1" branch-rate="1" complexity="1">
              <lines>
                <line number="25" hits="1" branch="false" />
              </lines>
            </method>
            <method name="set_RightChild" signature="(...)" line-rate="1" branch-rate="1" complexity="1">
              <lines>
                <line number="26" hits="1" branch="false" />
              </lines>
            </method>
            <method name="get_ParentNode" signature="()" line-rate="1" branch-rate="1" complexity="1">
              <lines>
                <line number="31" hits="1" branch="false" />
              </lines>
            </method>
            <method name="set_ParentNode" signature="(...)" line-rate="1" branch-rate="1" complexity="1">
              <lines>
                <line number="32" hits="1" branch="false" />
              </lines>
            </method>
            <method name="SetParent" signature="(...)" line-rate="1" branch-rate="1" complexity="1">
              <lines>
                <line number="36" hits="1" branch="false" />
                <line number="37" hits="1" branch="false" />
                <line number="38" hits="1" branch="false" />
              </lines>
            </method>
            <method name="get_Value" signature="()" line-rate="1" branch-rate="1" complexity="1">
              <lines>
                <line number="40" hits="1" branch="false" />
              </lines>
            </method>
            <method name="ToString" signature="()" line-rate="1" branch-rate="0.5" complexity="2">
              <lines>
                <line number="42" hits="1" branch="true" condition-coverage="50% (1/2)" />
              </lines>
            </method>
            <method name="SetLeft" signature="(...)" line-rate="1" branch-rate="1" complexity="1">
              <lines>
                <line number="46" hits="1" branch="false" />
                <line number="47" hits="1" branch="false" />
                <line number="48" hits="1" branch="false" />
                <line number="49" hits="1" branch="false" />
                <line number="50" hits="1" branch="false" />
              </lines>
            </method>
            <method name="SetRight" signature="(...)" line-rate="1" branch-rate="1" complexity="1">
              <lines>
                <line number="53" hits="1" branch="false" />
                <line number="54" hits="1" branch="false" />
                <line number="55" hits="1" branch="false" />
                <line number="56" hits="1" branch="false" />
                <line number="57" hits="1" branch="false" />
              </lines>
            </method>
            <method name="CompareTo" signature="(...)" line-rate="0" branch-rate="0" complexity="2">
              <lines>
                <line number="60" hits="0" branch="false" />
                <line number="61" hits="0" branch="true" condition-coverage="0% (0/2)" />
                <line number="62" hits="0" branch="false" />
                <line number="63" hits="0" branch="false" />
                <line number="66" hits="0" branch="false" />
                <line number="67" hits="0" branch="false" />
                <line number="69" hits="0" branch="false" />
              </lines>
            </method>
            <method name="CompareTo" signature="(...)" line-rate="1" branch-rate="1" complexity="1">
              <lines>
                <line number="72" hits="1" branch="false" />
                <line number="73" hits="1" branch="false" />
                <line number="74" hits="1" branch="false" />
              </lines>
            </method>
          </methods>
          <lines>
            <line number="6" hits="1" branch="false" />
            <line number="7" hits="1" branch="false" />
            <line number="8" hits="1" branch="false" />
            <line number="9" hits="1" branch="false" />
            <line number="10" hits="1" branch="false" />
            <line number="11" hits="1" branch="false" />
            <line number="13" hits="1" branch="false" />
            <line number="15" hits="1" branch="false" />
            <line number="19" hits="1" branch="false" />
            <line number="20" hits="1" branch="false" />
            <line number="25" hits="1" branch="false" />
            <line number="26" hits="1" branch="false" />
            <line number="31" hits="1" branch="false" />
            <line number="32" hits="1" branch="false" />
            <line number="36" hits="1" branch="false" />
            <line number="37" hits="1" branch="false" />
            <line number="38" hits="1" branch="false" />
            <line number="40" hits="1" branch="false" />
            <line number="42" hits="1" branch="true" condition-coverage="50% (1/2)" />
            <line number="46" hits="1" branch="false" />
            <line number="47" hits="1" branch="false" />
            <line number="48" hits="1" branch="false" />
            <line number="49" hits="1" branch="false" />
            <line number="50" hits="1" branch="false" />
            <line number="53" hits="1" branch="false" />
            <line number="54" hits="1" branch="false" />
            <line number="55" hits="1" branch="false" />
            <line number="56" hits="1" branch="false" />
            <line number="57" hits="1" branch="false" />
            <line number="60" hits="0" branch="false" />
            <line number="61" hits="0" branch="true" condition-coverage="0% (0/2)" />
            <line number="62" hits="0" branch="false" />
            <line number="63" hits="0" branch="false" />
            <line number="66" hits="0" branch="false" />
            <line number="67" hits="0" branch="false" />
            <line number="69" hits="0" branch="false" />
            <line number="72" hits="1" branch="false" />
            <line number="73" hits="1" branch="false" />
            <line number="74" hits="1" branch="false" />
          </lines>
        </class>
        <class name="Trees.BinaryTreeSearcherFactory" filename="C:\Users\Дима\source\repos\Autumn result\Autumn\Trees\BinaryTreeSearcherFactory.cs" line-rate="0.923076923076923" branch-rate="0.75" complexity="5">
          <methods>
            <method name="Create" signature="(...)" line-rate="0.875" branch-rate="0.75" complexity="4">
              <lines>
                <line number="8" hits="1" branch="false" />
                <line number="9" hits="1" branch="true" condition-coverage="75% (3/4)" />
                <line number="10" hits="1" branch="false" />
                <line number="11" hits="1" branch="false" />
                <line number="12" hits="1" branch="false" />
                <line number="13" hits="0" branch="false" />
                <line number="14" hits="1" branch="false" />
                <line number="15" hits="1" branch="false" />
              </lines>
            </method>
            <method name="Create&lt;T&gt;" signature="(...)" line-rate="1" branch-rate="1" complexity="1">
              <lines>
                <line number="19" hits="1" branch="false" />
                <line number="20" hits="1" branch="false" />
                <line number="21" hits="1" branch="false" />
                <line number="22" hits="1" branch="false" />
                <line number="23" hits="1" branch="false" />
              </lines>
            </method>
          </methods>
          <lines>
            <line number="8" hits="1" branch="false" />
            <line number="9" hits="1" branch="true" condition-coverage="75% (3/4)" />
            <line number="10" hits="1" branch="false" />
            <line number="11" hits="1" branch="false" />
            <line number="12" hits="1" branch="false" />
            <line number="13" hits="0" branch="false" />
            <line number="14" hits="1" branch="false" />
            <line number="15" hits="1" branch="false" />
            <line number="19" hits="1" branch="false" />
            <line number="20" hits="1" branch="false" />
            <line number="21" hits="1" branch="false" />
            <line number="22" hits="1" branch="false" />
            <line number="23" hits="1" branch="false" />
          </lines>
        </class>
        <class name="Trees.IterativeBinaryTreeSearcher" filename="C:\Users\Дима\source\repos\Autumn result\Autumn\Trees\IterativeBinaryTreeSearcher.cs" line-rate="1" branch-rate="0.583333333333333" complexity="13">
          <methods>
            <method name=".ctor" signature="(...)" line-rate="1" branch-rate="1" complexity="1">
              <lines>
                <line number="9" hits="1" branch="false" />
                <line number="10" hits="1" branch="false" />
                <line number="11" hits="1" branch="false" />
                <line number="12" hits="1" branch="false" />
              </lines>
            </method>
            <method name="Search" signature="(...)" line-rate="1" branch-rate="0.5" complexity="2">
              <lines>
                <line number="15" hits="1" branch="false" />
                <line number="16" hits="1" branch="true" condition-coverage="50% (1/2)" />
                <line number="17" hits="1" branch="false" />
              </lines>
            </method>
            <method name="_Search" signature="(...)" line-rate="1" branch-rate="0.6" complexity="10">
              <lines>
                <line number="20" hits="1" branch="false" />
                <line number="21" hits="1" branch="true" condition-coverage="67% (4/6)" />
                <line number="22" hits="1" branch="false" />
                <line number="23" hits="1" branch="true" condition-coverage="50% (2/4)" />
                <line number="24" hits="1" branch="false" />
                <line number="26" hits="1" branch="false" />
                <line number="27" hits="1" branch="false" />
              </lines>
            </method>
          </methods>
          <lines>
            <line number="9" hits="1" branch="false" />
            <line number="10" hits="1" branch="false" />
            <line number="11" hits="1" branch="false" />
            <line number="12" hits="1" branch="false" />
            <line number="15" hits="1" branch="false" />
            <line number="16" hits="1" branch="true" condition-coverage="50% (1/2)" />
            <line number="17" hits="1" branch="false" />
            <line number="20" hits="1" branch="false" />
            <line number="21" hits="1" branch="true" condition-coverage="67% (4/6)" />
            <line number="22" hits="1" branch="false" />
            <line number="23" hits="1" branch="true" condition-coverage="50% (2/4)" />
            <line number="24" hits="1" branch="false" />
            <line number="26" hits="1" branch="false" />
            <line number="27" hits="1" branch="false" />
          </lines>
        </class>
        <class name="Trees.IterativeMaximumTreeSearcher" filename="C:\Users\Дима\source\repos\Autumn result\Autumn\Trees\IterativeMaximumTreeSearcher.cs" line-rate="0.857142857142857" branch-rate="0.75" complexity="5">
          <methods>
            <method name=".ctor" signature="(...)" line-rate="1" branch-rate="1" complexity="1">
              <lines>
                <line number="7" hits="1" branch="false" />
                <line number="8" hits="1" branch="false" />
                <line number="9" hits="1" branch="false" />
                <line number="10" hits="1" branch="false" />
              </lines>
            </method>
            <method name="Maximum" signature="(...)" line-rate="0.8" branch-rate="0.75" complexity="4">
              <lines>
                <line number="13" hits="1" branch="false" />
                <line number="14" hits="1" branch="true" condition-coverage="50% (1/2)" />
                <line number="15" hits="0" branch="false" />
                <line number="16" hits="0" branch="false" />
                <line number="19" hits="1" branch="true" condition-coverage="100% (2/2)" />
                <line number="20" hits="1" branch="false" />
                <line number="21" hits="1" branch="false" />
                <line number="22" hits="1" branch="false" />
                <line number="24" hits="1" branch="false" />
                <line number="25" hits="1" branch="false" />
              </lines>
            </method>
          </methods>
          <lines>
            <line number="7" hits="1" branch="false" />
            <line number="8" hits="1" branch="false" />
            <line number="9" hits="1" branch="false" />
            <line number="10" hits="1" branch="false" />
            <line number="13" hits="1" branch="false" />
            <line number="14" hits="1" branch="true" condition-coverage="50% (1/2)" />
            <line number="15" hits="0" branch="false" />
            <line number="16" hits="0" branch="false" />
            <line number="19" hits="1" branch="true" condition-coverage="100% (2/2)" />
            <line number="20" hits="1" branch="false" />
            <line number="21" hits="1" branch="false" />
            <line number="22" hits="1" branch="false" />
            <line number="24" hits="1" branch="false" />
            <line number="25" hits="1" branch="false" />
          </lines>
        </class>
        <class name="Trees.IterativeMinimumTreeSearcher" filename="C:\Users\Дима\source\repos\Autumn result\Autumn\Trees\IterativeMinimumTreeSearcher.cs" line-rate="1" branch-rate="0.75" complexity="5">
          <methods>
            <method name=".ctor" signature="(...)" line-rate="1" branch-rate="1" complexity="1">
              <lines>
                <line number="7" hits="1" branch="false" />
                <line number="8" hits="1" branch="false" />
                <line number="9" hits="1" branch="false" />
                <line number="10" hits="1" branch="false" />
              </lines>
            </method>
            <method name="Minimum" signature="(...)" line-rate="1" branch-rate="0.5" complexity="2">
              <lines>
                <line number="13" hits="1" branch="false" />
                <line number="14" hits="1" branch="true" condition-coverage="50% (1/2)" />
                <line number="15" hits="1" branch="false" />
              </lines>
            </method>
            <method name="_Minimum" signature="(...)" line-rate="1" branch-rate="1" complexity="2">
              <lines>
                <line number="18" hits="1" branch="false" />
                <line number="19" hits="1" branch="true" condition-coverage="100% (2/2)" />
                <line number="20" hits="1" branch="false" />
                <line number="21" hits="1" branch="false" />
                <line number="22" hits="1" branch="false" />
                <line number="24" hits="1" branch="false" />
                <line number="25" hits="1" branch="false" />
              </lines>
            </method>
          </methods>
          <lines>
            <line number="7" hits="1" branch="false" />
            <line number="8" hits="1" branch="false" />
            <line number="9" hits="1" branch="false" />
            <line number="10" hits="1" branch="false" />
            <line number="13" hits="1" branch="false" />
            <line number="14" hits="1" branch="true" condition-coverage="50% (1/2)" />
            <line number="15" hits="1" branch="false" />
            <line number="18" hits="1" branch="false" />
            <line number="19" hits="1" branch="true" condition-coverage="100% (2/2)" />
            <line number="20" hits="1" branch="false" />
            <line number="21" hits="1" branch="false" />
            <line number="22" hits="1" branch="false" />
            <line number="24" hits="1" branch="false" />
            <line number="25" hits="1" branch="false" />
          </lines>
        </class>
        <class name="Trees.PreorderTreeWalker" filename="C:\Users\Дима\source\repos\Autumn result\Autumn\Trees\PreorderTreeWalker.cs" line-rate="0.888888888888889" branch-rate="0.666666666666667" complexity="7">
          <methods>
            <method name=".ctor" signature="(...)" line-rate="1" branch-rate="1" complexity="1">
              <lines>
                <line number="10" hits="1" branch="false" />
                <line number="11" hits="1" branch="false" />
                <line number="12" hits="1" branch="false" />
                <line number="13" hits="1" branch="false" />
              </lines>
            </method>
            <method name="Walk" signature="(...)" line-rate="0.666666666666667" branch-rate="0.5" complexity="2">
              <lines>
                <line number="16" hits="1" branch="false" />
                <line number="17" hits="1" branch="true" condition-coverage="50% (1/2)" />
                <line number="18" hits="0" branch="false" />
                <line number="19" hits="0" branch="false" />
                <line number="22" hits="1" branch="false" />
                <line number="23" hits="1" branch="false" />
              </lines>
            </method>
            <method name="_Walk" signature="(...)" line-rate="1" branch-rate="0.75" complexity="4">
              <lines>
                <line number="27" hits="1" branch="false" />
                <line number="28" hits="1" branch="true" condition-coverage="100% (2/2)" />
                <line number="29" hits="1" branch="false" />
                <line number="30" hits="1" branch="true" condition-coverage="50% (1/2)" />
                <line number="31" hits="1" branch="false" />
                <line number="32" hits="1" branch="false" />
                <line number="33" hits="1" branch="false" />
                <line number="34" hits="1" branch="false" />
              </lines>
            </method>
          </methods>
          <lines>
            <line number="10" hits="1" branch="false" />
            <line number="11" hits="1" branch="false" />
            <line number="12" hits="1" branch="false" />
            <line number="13" hits="1" branch="false" />
            <line number="16" hits="1" branch="false" />
            <line number="17" hits="1" branch="true" condition-coverage="50% (1/2)" />
            <line number="18" hits="0" branch="false" />
            <line number="19" hits="0" branch="false" />
            <line number="22" hits="1" branch="false" />
            <line number="23" hits="1" branch="false" />
            <line number="27" hits="1" branch="false" />
            <line number="28" hits="1" branch="true" condition-coverage="100% (2/2)" />
            <line number="29" hits="1" branch="false" />
            <line number="30" hits="1" branch="true" condition-coverage="50% (1/2)" />
            <line number="31" hits="1" branch="false" />
            <line number="32" hits="1" branch="false" />
            <line number="33" hits="1" branch="false" />
            <line number="34" hits="1" branch="false" />
          </lines>
        </class>
        <class name="Trees.RecursiveBinaryTreeSearcher" filename="C:\Users\Дима\source\repos\Autumn result\Autumn\Trees\RecursiveBinaryTreeSearcher.cs" line-rate="1" branch-rate="0.75" complexity="13">
          <methods>
            <method name=".ctor" signature="(...)" line-rate="1" branch-rate="1" complexity="1">
              <lines>
                <line number="9" hits="1" branch="false" />
                <line number="10" hits="1" branch="false" />
                <line number="11" hits="1" branch="false" />
                <line number="12" hits="1" branch="false" />
              </lines>
            </method>
            <method name="Search" signature="(...)" line-rate="1" branch-rate="0.5" complexity="2">
              <lines>
                <line number="15" hits="1" branch="false" />
                <line number="16" hits="1" branch="true" condition-coverage="50% (1/2)" />
                <line number="17" hits="1" branch="false" />
              </lines>
            </method>
            <method name="_Search" signature="(...)" line-rate="1" branch-rate="0.8" complexity="10">
              <lines>
                <line number="20" hits="1" branch="false" />
                <line number="21" hits="1" branch="true" condition-coverage="100% (6/6)" />
                <line number="22" hits="1" branch="false" />
                <line number="23" hits="1" branch="false" />
                <line number="26" hits="1" branch="true" condition-coverage="50% (2/4)" />
                <line number="27" hits="1" branch="false" />
              </lines>
            </method>
          </methods>
          <lines>
            <line number="9" hits="1" branch="false" />
            <line number="10" hits="1" branch="false" />
            <line number="11" hits="1" branch="false" />
            <line number="12" hits="1" branch="false" />
            <line number="15" hits="1" branch="false" />
            <line number="16" hits="1" branch="true" condition-coverage="50% (1/2)" />
            <line number="17" hits="1" branch="false" />
            <line number="20" hits="1" branch="false" />
            <line number="21" hits="1" branch="true" condition-coverage="100% (6/6)" />
            <line number="22" hits="1" branch="false" />
            <line number="23" hits="1" branch="false" />
            <line number="26" hits="1" branch="true" condition-coverage="50% (2/4)" />
            <line number="27" hits="1" branch="false" />
          </lines>
        </class>
        <class name="Trees.RecursiveMaximumTreeSearcher" filename="C:\Users\Дима\source\repos\Autumn result\Autumn\Trees\RecursiveMaximumTreeSearcher.cs" line-rate="1" branch-rate="1" complexity="5">
          <methods>
            <method name=".ctor" signature="(...)" line-rate="1" branch-rate="1" complexity="1">
              <lines>
                <line number="7" hits="1" branch="false" />
                <line number="8" hits="1" branch="false" />
                <line number="9" hits="1" branch="false" />
                <line number="10" hits="1" branch="false" />
              </lines>
            </method>
            <method name="Maximum" signature="(...)" line-rate="1" branch-rate="1" complexity="4">
              <lines>
                <line number="13" hits="1" branch="false" />
                <line number="14" hits="1" branch="true" condition-coverage="100% (4/4)" />
                <line number="15" hits="1" branch="false" />
              </lines>
            </method>
          </methods>
          <lines>
            <line number="7" hits="1" branch="false" />
            <line number="8" hits="1" branch="false" />
            <line number="9" hits="1" branch="false" />
            <line number="10" hits="1" branch="false" />
            <line number="13" hits="1" branch="false" />
            <line number="14" hits="1" branch="true" condition-coverage="100% (4/4)" />
            <line number="15" hits="1" branch="false" />
          </lines>
        </class>
        <class name="Trees.RecursiveMinimumTreeSearcher" filename="C:\Users\Дима\source\repos\Autumn result\Autumn\Trees\RecursiveMinimumTreeSearcher.cs" line-rate="1" branch-rate="0.833333333333333" complexity="7">
          <methods>
            <method name=".ctor" signature="(...)" line-rate="1" branch-rate="1" complexity="1">
              <lines>
                <line number="7" hits="1" branch="false" />
                <line number="8" hits="1" branch="false" />
                <line number="9" hits="1" branch="false" />
                <line number="10" hits="1" branch="false" />
              </lines>
            </method>
            <method name="Minimum" signature="(...)" line-rate="1" branch-rate="0.5" complexity="2">
              <lines>
                <line number="13" hits="1" branch="false" />
                <line number="14" hits="1" branch="true" condition-coverage="50% (1/2)" />
                <line number="15" hits="1" branch="false" />
              </lines>
            </method>
            <method name="_Minimum" signature="(...)" line-rate="1" branch-rate="1" complexity="4">
              <lines>
                <line number="18" hits="1" branch="false" />
                <line number="19" hits="1" branch="true" condition-coverage="100% (4/4)" />
                <line number="20" hits="1" branch="false" />
              </lines>
            </method>
          </methods>
          <lines>
            <line number="7" hits="1" branch="false" />
            <line number="8" hits="1" branch="false" />
            <line number="9" hits="1" branch="false" />
            <line number="10" hits="1" branch="false" />
            <line number="13" hits="1" branch="false" />
            <line number="14" hits="1" branch="true" condition-coverage="50% (1/2)" />
            <line number="15" hits="1" branch="false" />
            <line number="18" hits="1" branch="false" />
            <line number="19" hits="1" branch="true" condition-coverage="100% (4/4)" />
            <line number="20" hits="1" branch="false" />
          </lines>
        </class>
        <class name="Trees.TemplatedTreeMaximumSearcher&lt;T&gt;" filename="C:\Users\Дима\source\repos\Autumn result\Autumn\Trees\TemplatedTreeMaximumSearcher.cs" line-rate="1" branch-rate="1" complexity="2">
          <methods>
            <method name=".ctor" signature="(...)" line-rate="1" branch-rate="1" complexity="1">
              <lines>
                <line number="7" hits="1" branch="false" />
                <line number="8" hits="1" branch="false" />
                <line number="9" hits="1" branch="false" />
                <line number="10" hits="1" branch="false" />
              </lines>
            </method>
            <method name="Maximum" signature="(...)" line-rate="1" branch-rate="1" complexity="1">
              <lines>
                <line number="14" hits="1" branch="false" />
                <line number="15" hits="1" branch="false" />
                <line number="16" hits="1" branch="false" />
              </lines>
            </method>
          </methods>
          <lines>
            <line number="7" hits="1" branch="false" />
            <line number="8" hits="1" branch="false" />
            <line number="9" hits="1" branch="false" />
            <line number="10" hits="1" branch="false" />
            <line number="14" hits="1" branch="false" />
            <line number="15" hits="1" branch="false" />
            <line number="16" hits="1" branch="false" />
          </lines>
        </class>
        <class name="Trees.TemplatedTreeMinimumSearcher&lt;T&gt;" filename="C:\Users\Дима\source\repos\Autumn result\Autumn\Trees\TemplatedTreeMinimumSearcher.cs" line-rate="1" branch-rate="1" complexity="2">
          <methods>
            <method name=".ctor" signature="(...)" line-rate="1" branch-rate="1" complexity="1">
              <lines>
                <line number="7" hits="1" branch="false" />
                <line number="8" hits="1" branch="false" />
                <line number="9" hits="1" branch="false" />
                <line number="10" hits="1" branch="false" />
              </lines>
            </method>
            <method name="Minimum" signature="(...)" line-rate="1" branch-rate="1" complexity="1">
              <lines>
                <line number="13" hits="1" branch="false" />
                <line number="14" hits="1" branch="false" />
                <line number="15" hits="1" branch="false" />
              </lines>
            </method>
          </methods>
          <lines>
            <line number="7" hits="1" branch="false" />
            <line number="8" hits="1" branch="false" />
            <line number="9" hits="1" branch="false" />
            <line number="10" hits="1" branch="false" />
            <line number="13" hits="1" branch="false" />
            <line number="14" hits="1" branch="false" />
            <line number="15" hits="1" branch="false" />
          </lines>
        </class>
        <class name="Trees.TemplatedTreeSearcher&lt;T&gt;" filename="C:\Users\Дима\source\repos\Autumn result\Autumn\Trees\TemplatedTreeSearcher.cs" line-rate="1" branch-rate="1" complexity="2">
          <methods>
            <method name=".ctor" signature="(...)" line-rate="1" branch-rate="1" complexity="1">
              <lines>
                <line number="7" hits="1" branch="false" />
                <line number="8" hits="1" branch="false" />
                <line number="9" hits="1" branch="false" />
                <line number="10" hits="1" branch="false" />
              </lines>
            </method>
            <method name="Search" signature="(...)" line-rate="1" branch-rate="1" complexity="1">
              <lines>
                <line number="13" hits="1" branch="false" />
                <line number="14" hits="1" branch="false" />
                <line number="15" hits="1" branch="false" />
              </lines>
            </method>
          </methods>
          <lines>
            <line number="7" hits="1" branch="false" />
            <line number="8" hits="1" branch="false" />
            <line number="9" hits="1" branch="false" />
            <line number="10" hits="1" branch="false" />
            <line number="13" hits="1" branch="false" />
            <line number="14" hits="1" branch="false" />
            <line number="15" hits="1" branch="false" />
          </lines>
        </class>
        <class name="Trees.TreeExtensions" filename="C:\Users\Дима\source\repos\Autumn result\Autumn\Trees\TreeExtensions.cs" line-rate="0.78021978021978" branch-rate="0.59375" complexity="27">
          <methods>
            <method name="Successor" signature="(...)" line-rate="0.461538461538462" branch-rate="0.5" complexity="8">
              <lines>
                <line number="8" hits="1" branch="false" />
                <line number="9" hits="1" branch="true" condition-coverage="50% (1/2)" />
                <line number="10" hits="0" branch="false" />
                <line number="11" hits="0" branch="false" />
                <line number="12" hits="0" branch="false" />
                <line number="15" hits="1" branch="false" />
                <line number="16" hits="1" branch="true" condition-coverage="50% (3/6)" />
                <line number="17" hits="0" branch="false" />
                <line number="18" hits="0" branch="false" />
                <line number="19" hits="0" branch="false" />
                <line number="20" hits="0" branch="false" />
                <line number="22" hits="1" branch="false" />
                <line number="23" hits="1" branch="false" />
              </lines>
            </method>
            <method name="Predecessor" signature="(...)" line-rate="0.416666666666667" branch-rate="0.125" complexity="8">
              <lines>
                <line number="26" hits="1" branch="false" />
                <line number="27" hits="1" branch="true" condition-coverage="50% (1/2)" />
                <line number="28" hits="1" branch="false" />
                <line number="29" hits="1" branch="false" />
                <line number="32" hits="0" branch="false" />
                <line number="33" hits="0" branch="true" condition-coverage="0% (0/6)" />
                <line number="34" hits="0" branch="false" />
                <line number="35" hits="0" branch="false" />
                <line number="36" hits="0" branch="false" />
                <line number="37" hits="0" branch="false" />
                <line number="39" hits="0" branch="false" />
                <line number="40" hits="1" branch="false" />
              </lines>
            </method>
            <method name="Insert" signature="(...)" line-rate="0.76" branch-rate="0.8" complexity="10">
              <lines>
                <line number="43" hits="1" branch="false" />
                <line number="44" hits="1" branch="false" />
                <line number="45" hits="1" branch="false" />
                <line number="46" hits="1" branch="true" condition-coverage="100% (2/2)" />
                <line number="47" hits="1" branch="false" />
                <line number="48" hits="1" branch="false" />
                <line number="49" hits="1" branch="true" condition-coverage="100% (4/4)" />
                <line number="50" hits="1" branch="false" />
                <line number="51" hits="1" branch="false" />
                <line number="52" hits="1" branch="false" />
                <line number="54" hits="1" branch="false" />
                <line number="55" hits="1" branch="true" condition-coverage="50% (1/2)" />
                <line number="56" hits="0" branch="false" />
                <line number="57" hits="0" branch="false" />
                <line number="58" hits="0" branch="false" />
                <line number="59" hits="1" branch="true" condition-coverage="50% (1/2)" />
                <line number="60" hits="1" branch="false" />
                <line number="61" hits="1" branch="false" />
                <line number="62" hits="1" branch="false" />
                <line number="64" hits="0" branch="false" />
                <line number="65" hits="0" branch="false" />
                <line number="66" hits="0" branch="false" />
                <line number="68" hits="1" branch="false" />
                <line number="69" hits="1" branch="false" />
                <line number="70" hits="1" branch="false" />
              </lines>
            </method>
            <method name="GetBinaryTreeString" signature="(...)" line-rate="1" branch-rate="1" complexity="1">
              <lines>
                <line number="73" hits="1" branch="false" />
                <line number="74" hits="1" branch="false" />
                <line number="75" hits="1" branch="false" />
                <line number="76" hits="1" branch="false" />
                <line number="77" hits="1" branch="false" />
                <line number="78" hits="1" branch="false" />
                <line number="79" hits="1" branch="true" condition-coverage="100% (2/2)" />
                <line number="80" hits="1" branch="false" />
                <line number="81" hits="1" branch="false" />
                <line number="82" hits="1" branch="false" />
                <line number="83" hits="1" branch="false" />
                <line number="84" hits="1" branch="false" />
                <line number="85" hits="1" branch="false" />
                <line number="86" hits="1" branch="false" />
                <line number="87" hits="1" branch="false" />
                <line number="88" hits="1" branch="false" />
                <line number="89" hits="1" branch="false" />
                <line number="90" hits="1" branch="true" condition-coverage="100% (2/2)" />
                <line number="91" hits="1" branch="false" />
                <line number="92" hits="1" branch="false" />
                <line number="93" hits="1" branch="false" />
                <line number="94" hits="1" branch="false" />
                <line number="95" hits="1" branch="false" />
                <line number="96" hits="1" branch="false" />
                <line number="97" hits="1" branch="false" />
                <line number="98" hits="1" branch="false" />
                <line number="99" hits="1" branch="false" />
                <line number="100" hits="1" branch="true" condition-coverage="100% (2/2)" />
                <line number="101" hits="1" branch="false" />
                <line number="102" hits="1" branch="false" />
                <line number="103" hits="1" branch="false" />
                <line number="104" hits="1" branch="false" />
                <line number="105" hits="1" branch="false" />
                <line number="106" hits="1" branch="false" />
                <line number="107" hits="1" branch="false" />
                <line number="108" hits="1" branch="false" />
                <line number="109" hits="1" branch="false" />
                <line number="110" hits="1" branch="false" />
                <line number="111" hits="1" branch="false" />
                <line number="112" hits="1" branch="false" />
                <line number="113" hits="1" branch="false" />
              </lines>
            </method>
          </methods>
          <lines>
            <line number="8" hits="1" branch="false" />
            <line number="9" hits="1" branch="true" condition-coverage="50% (1/2)" />
            <line number="10" hits="0" branch="false" />
            <line number="11" hits="0" branch="false" />
            <line number="12" hits="0" branch="false" />
            <line number="15" hits="1" branch="false" />
            <line number="16" hits="1" branch="true" condition-coverage="50% (3/6)" />
            <line number="17" hits="0" branch="false" />
            <line number="18" hits="0" branch="false" />
            <line number="19" hits="0" branch="false" />
            <line number="20" hits="0" branch="false" />
            <line number="22" hits="1" branch="false" />
            <line number="23" hits="1" branch="false" />
            <line number="26" hits="1" branch="false" />
            <line number="27" hits="1" branch="true" condition-coverage="50% (1/2)" />
            <line number="28" hits="1" branch="false" />
            <line number="29" hits="1" branch="false" />
            <line number="32" hits="0" branch="false" />
            <line number="33" hits="0" branch="true" condition-coverage="0% (0/6)" />
            <line number="34" hits="0" branch="false" />
            <line number="35" hits="0" branch="false" />
            <line number="36" hits="0" branch="false" />
            <line number="37" hits="0" branch="false" />
            <line number="39" hits="0" branch="false" />
            <line number="40" hits="1" branch="false" />
            <line number="43" hits="1" branch="false" />
            <line number="44" hits="1" branch="false" />
            <line number="45" hits="1" branch="false" />
            <line number="46" hits="1" branch="true" condition-coverage="100% (2/2)" />
            <line number="47" hits="1" branch="false" />
            <line number="48" hits="1" branch="false" />
            <line number="49" hits="1" branch="true" condition-coverage="100% (4/4)" />
            <line number="50" hits="1" branch="false" />
            <line number="51" hits="1" branch="false" />
            <line number="52" hits="1" branch="false" />
            <line number="54" hits="1" branch="false" />
            <line number="55" hits="1" branch="true" condition-coverage="50% (1/2)" />
            <line number="56" hits="0" branch="false" />
            <line number="57" hits="0" branch="false" />
            <line number="58" hits="0" branch="false" />
            <line number="59" hits="1" branch="true" condition-coverage="50% (1/2)" />
            <line number="60" hits="1" branch="false" />
            <line number="61" hits="1" branch="false" />
            <line number="62" hits="1" branch="false" />
            <line number="64" hits="0" branch="false" />
            <line number="65" hits="0" branch="false" />
            <line number="66" hits="0" branch="false" />
            <line number="68" hits="1" branch="false" />
            <line number="69" hits="1" branch="false" />
            <line number="70" hits="1" branch="false" />
            <line number="73" hits="1" branch="false" />
            <line number="74" hits="1" branch="false" />
            <line number="75" hits="1" branch="false" />
            <line number="76" hits="1" branch="false" />
            <line number="77" hits="1" branch="false" />
            <line number="78" hits="1" branch="false" />
            <line number="79" hits="1" branch="true" condition-coverage="100% (2/2)" />
            <line number="80" hits="1" branch="false" />
            <line number="81" hits="1" branch="false" />
            <line number="82" hits="1" branch="false" />
            <line number="83" hits="1" branch="false" />
            <line number="84" hits="1" branch="false" />
            <line number="85" hits="1" branch="false" />
            <line number="86" hits="1" branch="false" />
            <line number="87" hits="1" branch="false" />
            <line number="88" hits="1" branch="false" />
            <line number="89" hits="1" branch="false" />
            <line number="90" hits="1" branch="true" condition-coverage="100% (2/2)" />
            <line number="91" hits="1" branch="false" />
            <line number="92" hits="1" branch="false" />
            <line number="93" hits="1" branch="false" />
            <line number="94" hits="1" branch="false" />
            <line number="95" hits="1" branch="false" />
            <line number="96" hits="1" branch="false" />
            <line number="97" hits="1" branch="false" />
            <line number="98" hits="1" branch="false" />
            <line number="99" hits="1" branch="false" />
            <line number="100" hits="1" branch="true" condition-coverage="100% (2/2)" />
            <line number="101" hits="1" branch="false" />
            <line number="102" hits="1" branch="false" />
            <line number="103" hits="1" branch="false" />
            <line number="104" hits="1" branch="false" />
            <line number="105" hits="1" branch="false" />
            <line number="106" hits="1" branch="false" />
            <line number="107" hits="1" branch="false" />
            <line number="108" hits="1" branch="false" />
            <line number="109" hits="1" branch="false" />
            <line number="110" hits="1" branch="false" />
            <line number="111" hits="1" branch="false" />
            <line number="112" hits="1" branch="false" />
            <line number="113" hits="1" branch="false" />
          </lines>
        </class>
        <class name="Trees.TreeMaximumSearcherFactory" filename="C:\Users\Дима\source\repos\Autumn result\Autumn\Trees\TreeMaximumSearcherFactory.cs" line-rate="0.923076923076923" branch-rate="0.75" complexity="5">
          <methods>
            <method name="Create" signature="(...)" line-rate="0.875" branch-rate="0.75" complexity="4">
              <lines>
                <line number="8" hits="1" branch="false" />
                <line number="9" hits="1" branch="true" condition-coverage="75% (3/4)" />
                <line number="10" hits="1" branch="false" />
                <line number="11" hits="1" branch="false" />
                <line number="12" hits="1" branch="false" />
                <line number="13" hits="0" branch="false" />
                <line number="14" hits="1" branch="false" />
                <line number="15" hits="1" branch="false" />
              </lines>
            </method>
            <method name="Create&lt;T&gt;" signature="(...)" line-rate="1" branch-rate="1" complexity="1">
              <lines>
                <line number="20" hits="1" branch="false" />
                <line number="21" hits="1" branch="false" />
                <line number="22" hits="1" branch="false" />
                <line number="23" hits="1" branch="false" />
                <line number="24" hits="1" branch="false" />
              </lines>
            </method>
          </methods>
          <lines>
            <line number="8" hits="1" branch="false" />
            <line number="9" hits="1" branch="true" condition-coverage="75% (3/4)" />
            <line number="10" hits="1" branch="false" />
            <line number="11" hits="1" branch="false" />
            <line number="12" hits="1" branch="false" />
            <line number="13" hits="0" branch="false" />
            <line number="14" hits="1" branch="false" />
            <line number="15" hits="1" branch="false" />
            <line number="20" hits="1" branch="false" />
            <line number="21" hits="1" branch="false" />
            <line number="22" hits="1" branch="false" />
            <line number="23" hits="1" branch="false" />
            <line number="24" hits="1" branch="false" />
          </lines>
        </class>
        <class name="Trees.TreeMinimumSearcherFactory" filename="C:\Users\Дима\source\repos\Autumn result\Autumn\Trees\TreeMinimumSearcherFactory.cs" line-rate="0.923076923076923" branch-rate="0.75" complexity="5">
          <methods>
            <method name="Create" signature="(...)" line-rate="0.875" branch-rate="0.75" complexity="4">
              <lines>
                <line number="8" hits="1" branch="false" />
                <line number="9" hits="1" branch="true" condition-coverage="75% (3/4)" />
                <line number="10" hits="1" branch="false" />
                <line number="11" hits="1" branch="false" />
                <line number="12" hits="1" branch="false" />
                <line number="13" hits="0" branch="false" />
                <line number="14" hits="1" branch="false" />
                <line number="15" hits="1" branch="false" />
              </lines>
            </method>
            <method name="Create&lt;T&gt;" signature="(...)" line-rate="1" branch-rate="1" complexity="1">
              <lines>
                <line number="19" hits="1" branch="false" />
                <line number="20" hits="1" branch="false" />
                <line number="21" hits="1" branch="false" />
                <line number="22" hits="1" branch="false" />
                <line number="23" hits="1" branch="false" />
              </lines>
            </method>
          </methods>
          <lines>
            <line number="8" hits="1" branch="false" />
            <line number="9" hits="1" branch="true" condition-coverage="75% (3/4)" />
            <line number="10" hits="1" branch="false" />
            <line number="11" hits="1" branch="false" />
            <line number="12" hits="1" branch="false" />
            <line number="13" hits="0" branch="false" />
            <line number="14" hits="1" branch="false" />
            <line number="15" hits="1" branch="false" />
            <line number="19" hits="1" branch="false" />
            <line number="20" hits="1" branch="false" />
            <line number="21" hits="1" branch="false" />
            <line number="22" hits="1" branch="false" />
            <line number="23" hits="1" branch="false" />
          </lines>
        </class>
      </classes>
    </package>
    <package name="xunit.assert" line-rate="0.0427426536064114" branch-rate="0.0346385542168675" complexity="789">
      <classes>
        <class name="Xunit.Assert" filename="C:\Dev\xunit\xunit\src\xunit.assert\Asserts\Assert.cs" line-rate="1" branch-rate="1" complexity="3">
          <methods>
            <method name=".ctor" signature="()" line-rate="1" branch-rate="1" complexity="1">
              <lines />
            </method>
            <method name="Equals" signature="(...)" line-rate="1" branch-rate="1" complexity="1">
              <lines />
            </method>
            <method name="ReferenceEquals" signature="(...)" line-rate="1" branch-rate="1" complexity="1">
              <lines />
            </method>
          </methods>
          <lines />
        </class>
        <class name="Xunit.Assert" filename="C:\Dev\xunit\xunit\src\xunit.assert\Asserts\BooleanAsserts.cs" line-rate="1" branch-rate="1" complexity="18">
          <methods>
            <method name="False" signature="(...)" line-rate="1" branch-rate="1" complexity="1">
              <lines />
            </method>
            <method name="False" signature="(...)" line-rate="1" branch-rate="1" complexity="1">
              <lines />
            </method>
            <method name="False" signature="(...)" line-rate="1" branch-rate="1" complexity="1">
              <lines />
            </method>
            <method name="False" signature="(...)" line-rate="1" branch-rate="1" complexity="6">
              <lines />
            </method>
            <method name="True" signature="(...)" line-rate="1" branch-rate="1" complexity="1">
              <lines />
            </method>
            <method name="True" signature="(...)" line-rate="1" branch-rate="1" complexity="1">
              <lines />
            </method>
            <method name="True" signature="(...)" line-rate="1" branch-rate="1" complexity="1">
              <lines />
            </method>
            <method name="True" signature="(...)" line-rate="1" branch-rate="1" complexity="6">
              <lines />
            </method>
          </methods>
          <lines />
        </class>
        <class name="Xunit.Assert" filename="C:\Dev\xunit\xunit\src\xunit.assert\Asserts\CollectionAsserts.cs" line-rate="1" branch-rate="1" complexity="66">
          <methods>
            <method name="All&lt;T&gt;" signature="(...)" line-rate="1" branch-rate="1" complexity="4">
              <lines />
            </method>
            <method name="Collection&lt;T&gt;" signature="(...)" line-rate="1" branch-rate="1" complexity="4">
              <lines />
            </method>
            <method name="Contains&lt;T&gt;" signature="(...)" line-rate="1" branch-rate="1" complexity="4">
              <lines />
            </method>
            <method name="Contains&lt;T&gt;" signature="(...)" line-rate="1" branch-rate="1" complexity="2">
              <lines />
            </method>
            <method name="Contains&lt;T&gt;" signature="(...)" line-rate="1" branch-rate="1" complexity="6">
              <lines />
            </method>
            <method name="Contains&lt;TKey, TValue&gt;" signature="(...)" line-rate="1" branch-rate="1" complexity="2">
              <lines />
            </method>
            <method name="Contains&lt;TKey, TValue&gt;" signature="(...)" line-rate="1" branch-rate="1" complexity="2">
              <lines />
            </method>
            <method name="DoesNotContain&lt;T&gt;" signature="(...)" line-rate="1" branch-rate="1" complexity="4">
              <lines />
            </method>
            <method name="DoesNotContain&lt;T&gt;" signature="(...)" line-rate="1" branch-rate="1" complexity="2">
              <lines />
            </method>
            <method name="DoesNotContain&lt;T&gt;" signature="(...)" line-rate="1" branch-rate="1" complexity="6">
              <lines />
            </method>
            <method name="DoesNotContain&lt;TKey, TValue&gt;" signature="(...)" line-rate="1" branch-rate="1" complexity="1">
              <lines />
            </method>
            <method name="DoesNotContain&lt;TKey, TValue&gt;" signature="(...)" line-rate="1" branch-rate="1" complexity="1">
              <lines />
            </method>
            <method name="Empty" signature="(...)" line-rate="1" branch-rate="1" complexity="4">
              <lines />
            </method>
            <method name="Equal&lt;T&gt;" signature="(...)" line-rate="1" branch-rate="1" complexity="1">
              <lines />
            </method>
            <method name="Equal&lt;T&gt;" signature="(...)" line-rate="1" branch-rate="1" complexity="1">
              <lines />
            </method>
            <method name="NotEmpty" signature="(...)" line-rate="1" branch-rate="1" complexity="4">
              <lines />
            </method>
            <method name="NotEqual&lt;T&gt;" signature="(...)" line-rate="1" branch-rate="1" complexity="1">
              <lines />
            </method>
            <method name="NotEqual&lt;T&gt;" signature="(...)" line-rate="1" branch-rate="1" complexity="1">
              <lines />
            </method>
            <method name="Single" signature="(...)" line-rate="1" branch-rate="1" complexity="1">
              <lines />
            </method>
            <method name="Single" signature="(...)" line-rate="1" branch-rate="1" complexity="1">
              <lines />
            </method>
            <method name="Single&lt;T&gt;" signature="(...)" line-rate="1" branch-rate="1" complexity="2">
              <lines />
            </method>
            <method name="Single&lt;T&gt;" signature="(...)" line-rate="1" branch-rate="1" complexity="12">
              <lines />
            </method>
          </methods>
          <lines />
        </class>
        <class name="Xunit.Assert" filename="C:\Dev\xunit\xunit\src\xunit.assert\Asserts\Comparers.cs" line-rate="1" branch-rate="1" complexity="2">
          <methods>
            <method name="GetComparer&lt;T&gt;" signature="()" line-rate="1" branch-rate="1" complexity="1">
              <lines />
            </method>
            <method name="GetEqualityComparer&lt;T&gt;" signature="(...)" line-rate="1" branch-rate="1" complexity="1">
              <lines />
            </method>
          </methods>
          <lines />
        </class>
        <class name="Xunit.Assert" filename="C:\Dev\xunit\xunit\src\xunit.assert\Asserts\EqualityAsserts.cs" line-rate="1" branch-rate="1" complexity="18">
          <methods>
            <method name="Equal&lt;T&gt;" signature="(...)" line-rate="1" branch-rate="1" complexity="1">
              <lines />
            </method>
            <method name="Equal&lt;T&gt;" signature="(...)" line-rate="1" branch-rate="1" complexity="2">
              <lines />
            </method>
            <method name="Equal" signature="(...)" line-rate="1" branch-rate="1" complexity="2">
              <lines />
            </method>
            <method name="Equal" signature="(...)" line-rate="1" branch-rate="1" complexity="2">
              <lines />
            </method>
            <method name="Equal" signature="(...)" line-rate="1" branch-rate="1" complexity="2">
              <lines />
            </method>
            <method name="StrictEqual&lt;T&gt;" signature="(...)" line-rate="1" branch-rate="1" complexity="1">
              <lines />
            </method>
            <method name="NotEqual&lt;T&gt;" signature="(...)" line-rate="1" branch-rate="1" complexity="1">
              <lines />
            </method>
            <method name="NotEqual&lt;T&gt;" signature="(...)" line-rate="1" branch-rate="1" complexity="2">
              <lines />
            </method>
            <method name="NotEqual" signature="(...)" line-rate="1" branch-rate="1" complexity="2">
              <lines />
            </method>
            <method name="NotEqual" signature="(...)" line-rate="1" branch-rate="1" complexity="2">
              <lines />
            </method>
            <method name="NotStrictEqual&lt;T&gt;" signature="(...)" line-rate="1" branch-rate="1" complexity="1">
              <lines />
            </method>
          </methods>
          <lines />
        </class>
        <class name="Xunit.Assert" filename="C:\Dev\xunit\xunit\src\xunit.assert\Asserts\EventAsserts.cs" line-rate="1" branch-rate="1" complexity="17">
          <methods>
            <method name="Raises&lt;T&gt;" signature="(...)" line-rate="1" branch-rate="1" complexity="4">
              <lines />
            </method>
            <method name="RaisesAny&lt;T&gt;" signature="(...)" line-rate="1" branch-rate="1" complexity="2">
              <lines />
            </method>
            <method name="RaisesInternal&lt;T&gt;" signature="(...)" line-rate="1" branch-rate="1" complexity="1">
              <lines />
            </method>
            <method name="get_Sender" signature="()" line-rate="1" branch-rate="1" complexity="1">
              <lines />
            </method>
            <method name="get_Arguments" signature="()" line-rate="1" branch-rate="1" complexity="1">
              <lines />
            </method>
            <method name=".ctor" signature="(...)" line-rate="1" branch-rate="1" complexity="1">
              <lines />
            </method>
            <method name="MoveNext" signature="()" line-rate="1" branch-rate="1" complexity="4">
              <lines />
            </method>
            <method name="MoveNext" signature="()" line-rate="1" branch-rate="1" complexity="2">
              <lines />
            </method>
            <method name="MoveNext" signature="()" line-rate="1" branch-rate="1" complexity="1">
              <lines />
            </method>
          </methods>
          <lines />
        </class>
        <class name="Xunit.Assert" filename="C:\Dev\xunit\xunit\src\xunit.assert\Asserts\ExceptionAsserts.cs" line-rate="1" branch-rate="1" complexity="22">
          <methods>
            <method name="Throws&lt;T&gt;" signature="(...)" line-rate="1" branch-rate="1" complexity="1">
              <lines />
            </method>
            <method name="Throws&lt;T&gt;" signature="(...)" line-rate="1" branch-rate="1" complexity="1">
              <lines />
            </method>
            <method name="Throws&lt;T&gt;" signature="(...)" line-rate="1" branch-rate="1" complexity="1">
              <lines />
            </method>
            <method name="ThrowsAny&lt;T&gt;" signature="(...)" line-rate="1" branch-rate="1" complexity="1">
              <lines />
            </method>
            <method name="ThrowsAny&lt;T&gt;" signature="(...)" line-rate="1" branch-rate="1" complexity="1">
              <lines />
            </method>
            <method name="Throws" signature="(...)" line-rate="1" branch-rate="1" complexity="1">
              <lines />
            </method>
            <method name="Throws" signature="(...)" line-rate="1" branch-rate="1" complexity="1">
              <lines />
            </method>
            <method name="Throws" signature="(...)" line-rate="1" branch-rate="1" complexity="4">
              <lines />
            </method>
            <method name="ThrowsAny" signature="(...)" line-rate="1" branch-rate="1" complexity="4">
              <lines />
            </method>
            <method name="Throws&lt;T&gt;" signature="(...)" line-rate="1" branch-rate="1" complexity="1">
              <lines />
            </method>
            <method name="Throws&lt;T&gt;" signature="(...)" line-rate="1" branch-rate="1" complexity="1">
              <lines />
            </method>
            <method name="Throws&lt;T&gt;" signature="(...)" line-rate="1" branch-rate="1" complexity="1">
              <lines />
            </method>
            <method name="MoveNext" signature="()" line-rate="1" branch-rate="1" complexity="1">
              <lines />
            </method>
            <method name="MoveNext" signature="()" line-rate="1" branch-rate="1" complexity="1">
              <lines />
            </method>
            <method name="MoveNext" signature="()" line-rate="1" branch-rate="1" complexity="1">
              <lines />
            </method>
            <method name="MoveNext" signature="()" line-rate="1" branch-rate="1" complexity="1">
              <lines />
            </method>
          </methods>
          <lines />
        </class>
        <class name="Xunit.Assert" filename="C:\Dev\xunit\xunit\src\xunit.assert\Asserts\Guards.cs" line-rate="1" branch-rate="1" complexity="2">
          <methods>
            <method name="GuardArgumentNotNull" signature="(...)" line-rate="1" branch-rate="1" complexity="2">
              <lines />
            </method>
          </methods>
          <lines />
        </class>
        <class name="Xunit.Assert" filename="C:\Dev\xunit\xunit\src\xunit.assert\Asserts\IdentityAsserts.cs" line-rate="1" branch-rate="1" complexity="4">
          <methods>
            <method name="NotSame" signature="(...)" line-rate="1" branch-rate="1" complexity="2">
              <lines />
            </method>
            <method name="Same" signature="(...)" line-rate="1" branch-rate="1" complexity="2">
              <lines />
            </method>
          </methods>
          <lines />
        </class>
        <class name="Xunit.Assert" filename="C:\Dev\xunit\xunit\src\xunit.assert\Asserts\NullAsserts.cs" line-rate="1" branch-rate="1" complexity="4">
          <methods>
            <method name="NotNull" signature="(...)" line-rate="1" branch-rate="1" complexity="2">
              <lines />
            </method>
            <method name="Null" signature="(...)" line-rate="1" branch-rate="1" complexity="2">
              <lines />
            </method>
          </methods>
          <lines />
        </class>
        <class name="Xunit.Assert" filename="C:\Dev\xunit\xunit\src\xunit.assert\Asserts\PropertyAsserts.cs" line-rate="1" branch-rate="1" complexity="5">
          <methods>
            <method name="PropertyChanged" signature="(...)" line-rate="1" branch-rate="1" complexity="2">
              <lines />
            </method>
            <method name="PropertyChanged" signature="(...)" line-rate="1" branch-rate="1" complexity="1">
              <lines />
            </method>
            <method name="MoveNext" signature="()" line-rate="1" branch-rate="1" complexity="2">
              <lines />
            </method>
          </methods>
          <lines />
        </class>
        <class name="Xunit.Assert" filename="C:\Dev\xunit\xunit\src\xunit.assert\Asserts\RangeAsserts.cs" line-rate="1" branch-rate="1" complexity="14">
          <methods>
            <method name="InRange&lt;T&gt;" signature="(...)" line-rate="1" branch-rate="1" complexity="1">
              <lines />
            </method>
            <method name="InRange&lt;T&gt;" signature="(...)" line-rate="1" branch-rate="1" complexity="6">
              <lines />
            </method>
            <method name="NotInRange&lt;T&gt;" signature="(...)" line-rate="1" branch-rate="1" complexity="1">
              <lines />
            </method>
            <method name="NotInRange&lt;T&gt;" signature="(...)" line-rate="1" branch-rate="1" complexity="6">
              <lines />
            </method>
[...]
              <lines />
            </method>
            <method name="get_NoAutoReporters" signature="()" line-rate="1" branch-rate="1" complexity="1">
              <lines />
            </method>
            <method name="set_NoAutoReporters" signature="(...)" line-rate="1" branch-rate="1" complexity="1">
              <lines />
            </method>
            <method name="get_ReporterSwitch" signature="()" line-rate="1" branch-rate="1" complexity="1">
              <lines />
            </method>
            <method name="set_ReporterSwitch" signature="(...)" line-rate="1" branch-rate="1" complexity="1">
              <lines />
            </method>
            <method name="get_TargetFrameworkVersion" signature="()" line-rate="1" branch-rate="1" complexity="1">
              <lines />
            </method>
            <method name="set_TargetFrameworkVersion" signature="(...)" line-rate="1" branch-rate="1" complexity="1">
              <lines />
            </method>
            <method name="Parse" signature="(...)" line-rate="1" branch-rate="1" complexity="54">
              <lines />
            </method>
            <method name="IsMatchingTargetFramework" signature="()" line-rate="1" branch-rate="1" complexity="6">
              <lines />
            </method>
          </methods>
          <lines />
        </class>
        <class name="Xunit.Runner.VisualStudio.TestCaseFilter" filename="/_/src/xunit.runner.visualstudio/Utility/TestCaseFilter.cs" line-rate="1" branch-rate="1" complexity="39">
          <methods>
            <method name=".ctor" signature="(...)" line-rate="1" branch-rate="1" complexity="1">
              <lines />
            </method>
            <method name=".ctor" signature="(...)" line-rate="1" branch-rate="1" complexity="1">
              <lines />
            </method>
            <method name="MatchTestCase" signature="(...)" line-rate="1" branch-rate="1" complexity="4">
              <lines />
            </method>
            <method name="PropertyProvider" signature="(...)" line-rate="1" branch-rate="1" complexity="16">
              <lines />
            </method>
            <method name="GetTestCaseFilterExpression" signature="(...)" line-rate="1" branch-rate="1" complexity="1">
              <lines />
            </method>
            <method name="GetTestCaseFilterExpressionFromDiscoveryContext" signature="(...)" line-rate="1" branch-rate="1" complexity="12">
              <lines />
            </method>
            <method name="GetSupportedPropertyNames" signature="()" line-rate="1" branch-rate="1" complexity="2">
              <lines />
            </method>
            <method name="GetTraits" signature="(...)" line-rate="1" branch-rate="1" complexity="2">
              <lines />
            </method>
          </methods>
          <lines />
        </class>
        <class name="Xunit.Runner.VisualStudio.TestPlatformContext" filename="/_/src/xunit.runner.visualstudio/TestPlatformContext.cs" line-rate="1" branch-rate="1" complexity="4">
          <methods>
            <method name="get_RequireSourceInformation" signature="()" line-rate="1" branch-rate="1" complexity="1">
              <lines />
            </method>
            <method name="set_RequireSourceInformation" signature="(...)" line-rate="1" branch-rate="1" complexity="1">
              <lines />
            </method>
            <method name="get_RequireXunitTestProperty" signature="()" line-rate="1" branch-rate="1" complexity="1">
              <lines />
            </method>
            <method name="set_RequireXunitTestProperty" signature="(...)" line-rate="1" branch-rate="1" complexity="1">
              <lines />
            </method>
          </methods>
          <lines />
        </class>
        <class name="Xunit.Runner.VisualStudio.VisualStudioRunnerLogger" filename="/_/src/xunit.runner.visualstudio/Utility/VisualStudioRunnerLogger.cs" line-rate="1" branch-rate="1" complexity="7">
          <methods>
            <method name=".ctor" signature="(...)" line-rate="1" branch-rate="1" complexity="1">
              <lines />
            </method>
            <method name="get_LockObject" signature="()" line-rate="1" branch-rate="1" complexity="1">
              <lines />
            </method>
            <method name="LogError" signature="(...)" line-rate="1" branch-rate="1" complexity="1">
              <lines />
            </method>
            <method name="LogImportantMessage" signature="(...)" line-rate="1" branch-rate="1" complexity="1">
              <lines />
            </method>
            <method name="LogMessage" signature="(...)" line-rate="1" branch-rate="1" complexity="1">
              <lines />
            </method>
            <method name="LogWarning" signature="(...)" line-rate="1" branch-rate="1" complexity="1">
              <lines />
            </method>
            <method name=".cctor" signature="()" line-rate="1" branch-rate="1" complexity="1">
              <lines />
            </method>
          </methods>
          <lines />
        </class>
        <class name="Xunit.Runner.VisualStudio.VsDiscoverySink" filename="/_/src/xunit.runner.visualstudio/Sinks/VsDiscoverySink.cs" line-rate="1" branch-rate="1" complexity="49">
          <methods>
            <method name=".ctor" signature="(...)" line-rate="1" branch-rate="1" complexity="2">
              <lines />
            </method>
            <method name="get_Finished" signature="()" line-rate="1" branch-rate="1" complexity="1">
              <lines />
            </method>
            <method name="get_TotalTests" signature="()" line-rate="1" branch-rate="1" complexity="1">
              <lines />
            </method>
            <method name="set_TotalTests" signature="(...)" line-rate="1" branch-rate="1" complexity="1">
              <lines />
            </method>
            <method name="Dispose" signature="()" line-rate="1" branch-rate="1" complexity="1">
              <lines />
            </method>
            <method name="CreateVsTestCase" signature="(...)" line-rate="1" branch-rate="1" complexity="14">
              <lines />
            </method>
            <method name="Escape" signature="(...)" line-rate="1" branch-rate="1" complexity="2">
              <lines />
            </method>
            <method name="Truncate" signature="(...)" line-rate="1" branch-rate="1" complexity="2">
              <lines />
            </method>
            <method name="Finish" signature="()" line-rate="1" branch-rate="1" complexity="1">
              <lines />
            </method>
            <method name="GetAddTraitThunk" signature="()" line-rate="1" branch-rate="1" complexity="4">
              <lines />
            </method>
            <method name="HandleCancellation" signature="(...)" line-rate="1" branch-rate="1" complexity="2">
              <lines />
            </method>
            <method name="HandleTestCaseDiscoveryMessage" signature="(...)" line-rate="1" branch-rate="1" complexity="2">
              <lines />
            </method>
            <method name="HandleDiscoveryCompleteMessage" signature="(...)" line-rate="1" branch-rate="1" complexity="1">
              <lines />
            </method>
            <method name="Xunit.IMessageSinkWithTypes.OnMessageWithTypes" signature="(...)" line-rate="1" branch-rate="1" complexity="1">
              <lines />
            </method>
            <method name="SendExistingTestCases" signature="()" line-rate="1" branch-rate="1" complexity="12">
              <lines />
            </method>
            <method name="GuidFromString" signature="(...)" line-rate="1" branch-rate="1" complexity="1">
              <lines />
            </method>
            <method name=".cctor" signature="()" line-rate="1" branch-rate="1" complexity="1">
              <lines />
            </method>
          </methods>
          <lines />
        </class>
        <class name="Xunit.Runner.VisualStudio.VsExecutionDiscoverySink" filename="/_/src/xunit.runner.visualstudio/Sinks/VsExecutionDiscoverySink.cs" line-rate="1" branch-rate="1" complexity="2">
          <methods>
            <method name=".ctor" signature="(...)" line-rate="1" branch-rate="1" complexity="1">
              <lines />
            </method>
            <method name="Finish" signature="()" line-rate="1" branch-rate="1" complexity="1">
              <lines />
            </method>
          </methods>
          <lines />
        </class>
        <class name="Xunit.Runner.VisualStudio.VsExecutionSink" filename="/_/src/xunit.runner.visualstudio/Sinks/VsExecutionSink.cs" line-rate="1" branch-rate="1" complexity="49">
          <methods>
            <method name=".ctor" signature="(...)" line-rate="1" branch-rate="1" complexity="1">
              <lines />
            </method>
            <method name="get_ExecutionSummary" signature="()" line-rate="1" branch-rate="1" complexity="1">
              <lines />
            </method>
            <method name="set_ExecutionSummary" signature="(...)" line-rate="1" branch-rate="1" complexity="1">
              <lines />
            </method>
            <method name="get_Finished" signature="()" line-rate="1" branch-rate="1" complexity="1">
              <lines />
            </method>
            <method name="Dispose" signature="()" line-rate="1" branch-rate="1" complexity="1">
              <lines />
            </method>
            <method name="FindTestCase" signature="(...)" line-rate="1" branch-rate="1" complexity="2">
              <lines />
            </method>
            <method name="TryAndReport" signature="(...)" line-rate="1" branch-rate="1" complexity="1">
              <lines />
            </method>
            <method name="HandleCancellation" signature="(...)" line-rate="1" branch-rate="1" complexity="2">
              <lines />
            </method>
            <method name="HandleErrorMessage" signature="(...)" line-rate="1" branch-rate="1" complexity="1">
              <lines />
            </method>
            <method name="HandleTestAssemblyFinished" signature="(...)" line-rate="1" branch-rate="1" complexity="1">
              <lines />
            </method>
            <method name="HandleTestFailed" signature="(...)" line-rate="1" branch-rate="1" complexity="2">
              <lines />
            </method>
            <method name="HandleTestPassed" signature="(...)" line-rate="1" branch-rate="1" complexity="2">
              <lines />
            </method>
            <method name="HandleTestSkipped" signature="(...)" line-rate="1" branch-rate="1" complexity="2">
              <lines />
            </method>
            <method name="HandleTestCaseStarting" signature="(...)" line-rate="1" branch-rate="1" complexity="2">
              <lines />
            </method>
            <method name="HandleTestCaseFinished" signature="(...)" line-rate="1" branch-rate="1" complexity="2">
              <lines />
            </method>
            <method name="HandleTestAssemblyCleanupFailure" signature="(...)" line-rate="1" branch-rate="1" complexity="1">
              <lines />
            </method>
            <method name="HandleTestCaseCleanupFailure" signature="(...)" line-rate="1" branch-rate="1" complexity="1">
              <lines />
            </method>
            <method name="HandleTestClassCleanupFailure" signature="(...)" line-rate="1" branch-rate="1" complexity="1">
              <lines />
            </method>
            <method name="HandleTestCollectionCleanupFailure" signature="(...)" line-rate="1" branch-rate="1" complexity="1">
              <lines />
            </method>
            <method name="HandleTestCleanupFailure" signature="(...)" line-rate="1" branch-rate="1" complexity="1">
              <lines />
            </method>
            <method name="HandleTestMethodCleanupFailure" signature="(...)" line-rate="1" branch-rate="1" complexity="1">
              <lines />
            </method>
            <method name="WriteError" signature="(...)" line-rate="1" branch-rate="1" complexity="6">
              <lines />
            </method>
            <method name="MakeVsTestResult" signature="(...)" line-rate="1" branch-rate="1" complexity="1">
              <lines />
            </method>
            <method name="MakeVsTestResult" signature="(...)" line-rate="1" branch-rate="1" complexity="1">
              <lines />
            </method>
            <method name="MakeVsTestResult" signature="(...)" line-rate="1" branch-rate="1" complexity="6">
              <lines />
            </method>
            <method name="GetAggregatedTestOutcome" signature="(...)" line-rate="1" branch-rate="1" complexity="6">
              <lines />
            </method>
            <method name="OnMessageWithTypes" signature="(...)" line-rate="1" branch-rate="1" complexity="1">
              <lines />
            </method>
          </methods>
          <lines />
        </class>
        <class name="Xunit.Runner.VisualStudio.VsTestRunner" filename="/_/src/xunit.runner.visualstudio/VsTestRunner.cs" line-rate="1" branch-rate="1" complexity="218">
          <methods>
            <method name="Cancel" signature="()" line-rate="1" branch-rate="1" complexity="1">
              <lines />
            </method>
            <method name="Microsoft.VisualStudio.TestPlatform.ObjectModel.Adapter.ITestDiscoverer.DiscoverTests" signature="(...)" line-rate="1" branch-rate="1" complexity="6">
              <lines />
            </method>
            <method name="PrintHeader" signature="(...)" line-rate="1" branch-rate="1" complexity="2">
              <lines />
            </method>
            <method name="Microsoft.VisualStudio.TestPlatform.ObjectModel.Adapter.ITestExecutor.RunTests" signature="(...)" line-rate="1" branch-rate="1" complexity="16">
              <lines />
            </method>
            <method name="Microsoft.VisualStudio.TestPlatform.ObjectModel.Adapter.ITestExecutor.RunTests" signature="(...)" line-rate="1" branch-rate="1" complexity="6">
              <lines />
            </method>
            <method name="ContainsAppX" signature="(...)" line-rate="1" branch-rate="1" complexity="2">
              <lines />
            </method>
            <method name="DiscoverTests&lt;TVisitor&gt;" signature="(...)" line-rate="1" branch-rate="1" complexity="6">
              <lines />
            </method>
            <method name="DiscoverTestsInSource&lt;TVisitor&gt;" signature="(...)" line-rate="1" branch-rate="1" complexity="28">
              <lines />
            </method>
            <method name="GetConfigurationStreamForAssembly" signature="(...)" line-rate="1" branch-rate="1" complexity="10">
              <lines />
            </method>
            <method name="GetTestProperty" signature="()" line-rate="1" branch-rate="1" complexity="1">
              <lines />
            </method>
            <method name="IsXunitTestAssembly" signature="(...)" line-rate="1" branch-rate="1" complexity="2">
              <lines />
            </method>
            <method name="IsXunitPackageReferenced" signature="(...)" line-rate="1" branch-rate="1" complexity="6">
              <lines />
            </method>
            <method name="GetAssemblyFileName" signature="(...)" line-rate="1" branch-rate="1" complexity="1">
              <lines />
            </method>
            <method name="LoadConfiguration" signature="(...)" line-rate="1" branch-rate="1" complexity="1">
              <lines />
            </method>
            <method name="RunTests" signature="(...)" line-rate="1" branch-rate="1" complexity="14">
              <lines />
            </method>
            <method name="RunTestsInAssembly" signature="(...)" line-rate="1" branch-rate="1" complexity="44">
              <lines />
            </method>
            <method name="RunTestsInAssemblyAsync" signature="(...)" line-rate="1" branch-rate="1" complexity="1">
              <lines />
            </method>
            <method name="GetRunnerReporter" signature="(...)" line-rate="1" branch-rate="1" complexity="14">
              <lines />
            </method>
            <method name="GetAvailableRunnerReporters" signature="(...)" line-rate="1" branch-rate="1" complexity="44">
              <lines />
            </method>
            <method name="GetVsTestCases" signature="(...)" line-rate="1" branch-rate="1" complexity="6">
              <lines />
            </method>
            <method name=".cctor" signature="()" line-rate="1" branch-rate="1" complexity="1">
              <lines />
            </method>
            <method name="get_Name" signature="()" line-rate="1" branch-rate="1" complexity="1">
              <lines />
            </method>
            <method name="get_TraitNames" signature="()" line-rate="1" branch-rate="1" complexity="1">
              <lines />
            </method>
            <method name="get_VSTestCase" signature="()" line-rate="1" branch-rate="1" complexity="1">
              <lines />
            </method>
            <method name="get_TestCase" signature="()" line-rate="1" branch-rate="1" complexity="1">
              <lines />
            </method>
            <method name="get_UniqueID" signature="()" line-rate="1" branch-rate="1" complexity="1">
              <lines />
            </method>
            <method name=".ctor" signature="(...)" line-rate="1" branch-rate="1" complexity="1">
              <lines />
            </method>
          </methods>
          <lines />
        </class>
        <class name="Xunit.Runner.VisualStudio.VsTestRunner.DiscoveredTestCase" filename="/_/src/xunit.runner.visualstudio/VsTestRunner.cs" line-rate="1" branch-rate="1" complexity="6">
          <methods>
            <method name="get_Name" signature="()" line-rate="1" branch-rate="1" complexity="1">
              <lines />
            </method>
            <method name="get_TraitNames" signature="()" line-rate="1" branch-rate="1" complexity="1">
              <lines />
            </method>
            <method name="get_VSTestCase" signature="()" line-rate="1" branch-rate="1" complexity="1">
              <lines />
            </method>
            <method name="get_TestCase" signature="()" line-rate="1" branch-rate="1" complexity="1">
              <lines />
            </method>
            <method name="get_UniqueID" signature="()" line-rate="1" branch-rate="1" complexity="1">
              <lines />
            </method>
            <method name=".ctor" signature="(...)" line-rate="1" branch-rate="1" complexity="1">
              <lines />
            </method>
          </methods>
          <lines />
        </class>
        <class name="Xunit.XunitPackageCompilationAssemblyResolver" filename="/_/src/xunit.runner.visualstudio/Utility/AssemblyResolution/XunitPackageCompilationAssemblyResolver.cs" line-rate="1" branch-rate="1" complexity="35">
          <methods>
            <method name=".ctor" signature="(...)" line-rate="1" branch-rate="1" complexity="2">
              <lines />
            </method>
            <method name="GetDefaultProbeDirectories" signature="(...)" line-rate="1" branch-rate="1" complexity="1">
              <lines />
            </method>
            <method name="GetDefaultProbeDirectories" signature="(...)" line-rate="1" branch-rate="1" complexity="12">
              <lines />
            </method>
            <method name="TryResolveAssemblyPaths" signature="(...)" line-rate="1" branch-rate="1" complexity="14">
              <lines />
            </method>
            <method name="TryResolveFromPackagePath" signature="(...)" line-rate="1" branch-rate="1" complexity="6">
              <lines />
            </method>
          </methods>
          <lines />
        </class>
      </classes>
    </package>
  </packages>
</coverage>